2024/10/01 06:18:54 [error] 10#10: *1 directory index of "/app/" is forbidden, client: 172.18.0.1, server: _, request: "GET / HTTP/1.1", host: "localhost:8080"
2024/10/01 06:19:07 [error] 10#10: *1 directory index of "/app/" is forbidden, client: 172.18.0.1, server: _, request: "GET / HTTP/1.1", host: "localhost:8080"
2024/10/01 06:20:05 [notice] 93#93: signal process started
2024/10/01 06:20:05 [notice] 9#9: signal 1 (SIGHUP) received from 93, reconfiguring
2024/10/01 06:20:05 [notice] 9#9: reconfiguring
2024/10/01 06:20:05 [notice] 9#9: using the "epoll" event method
2024/10/01 06:20:05 [notice] 9#9: start worker processes
2024/10/01 06:20:05 [notice] 9#9: start worker process 94
2024/10/01 06:20:05 [notice] 9#9: start worker process 95
2024/10/01 06:20:05 [notice] 9#9: start worker process 96
2024/10/01 06:20:05 [notice] 9#9: start worker process 97
2024/10/01 06:20:05 [notice] 9#9: start worker process 98
2024/10/01 06:20:05 [notice] 9#9: start worker process 99
2024/10/01 06:20:05 [notice] 9#9: start worker process 100
2024/10/01 06:20:05 [notice] 9#9: start worker process 101
2024/10/01 06:20:06 [notice] 14#14: gracefully shutting down
2024/10/01 06:20:06 [notice] 10#10: gracefully shutting down
2024/10/01 06:20:06 [notice] 11#11: gracefully shutting down
2024/10/01 06:20:06 [notice] 17#17: gracefully shutting down
2024/10/01 06:20:06 [notice] 10#10: exiting
2024/10/01 06:20:06 [notice] 13#13: gracefully shutting down
2024/10/01 06:20:06 [notice] 12#12: gracefully shutting down
2024/10/01 06:20:06 [notice] 12#12: exiting
2024/10/01 06:20:06 [notice] 15#15: gracefully shutting down
2024/10/01 06:20:06 [notice] 16#16: gracefully shutting down
2024/10/01 06:20:06 [notice] 14#14: exiting
2024/10/01 06:20:06 [notice] 11#11: exiting
2024/10/01 06:20:06 [notice] 17#17: exiting
2024/10/01 06:20:06 [notice] 13#13: exiting
2024/10/01 06:20:06 [notice] 15#15: exiting
2024/10/01 06:20:06 [notice] 16#16: exiting
2024/10/01 06:20:06 [notice] 14#14: exit
2024/10/01 06:20:06 [notice] 10#10: exit
2024/10/01 06:20:06 [notice] 12#12: exit
2024/10/01 06:20:06 [notice] 11#11: exit
2024/10/01 06:20:06 [notice] 17#17: exit
2024/10/01 06:20:06 [notice] 13#13: exit
2024/10/01 06:20:06 [notice] 16#16: exit
2024/10/01 06:20:06 [notice] 15#15: exit
2024/10/01 06:20:06 [notice] 9#9: signal 17 (SIGCHLD) received from 11
2024/10/01 06:20:06 [notice] 9#9: worker process 10 exited with code 0
2024/10/01 06:20:06 [notice] 9#9: worker process 11 exited with code 0
2024/10/01 06:20:06 [notice] 9#9: signal 29 (SIGIO) received
2024/10/01 06:20:06 [notice] 9#9: signal 17 (SIGCHLD) received from 13
2024/10/01 06:20:06 [notice] 9#9: worker process 12 exited with code 0
2024/10/01 06:20:06 [notice] 9#9: worker process 13 exited with code 0
2024/10/01 06:20:06 [notice] 9#9: signal 29 (SIGIO) received
2024/10/01 06:20:06 [notice] 9#9: signal 17 (SIGCHLD) received from 14
2024/10/01 06:20:06 [notice] 9#9: worker process 14 exited with code 0
2024/10/01 06:20:06 [notice] 9#9: signal 29 (SIGIO) received
2024/10/01 06:20:06 [notice] 9#9: signal 17 (SIGCHLD) received from 17
2024/10/01 06:20:06 [notice] 9#9: worker process 17 exited with code 0
2024/10/01 06:20:06 [notice] 9#9: signal 29 (SIGIO) received
2024/10/01 06:20:06 [notice] 9#9: signal 17 (SIGCHLD) received from 16
2024/10/01 06:20:06 [notice] 9#9: worker process 16 exited with code 0
2024/10/01 06:20:06 [notice] 9#9: signal 29 (SIGIO) received
2024/10/01 06:20:06 [notice] 9#9: signal 17 (SIGCHLD) received from 15
2024/10/01 06:20:06 [notice] 9#9: worker process 15 exited with code 0
2024/10/01 06:20:06 [notice] 9#9: signal 29 (SIGIO) received
2024/10/01 06:20:07 [error] 94#94: *3 directory index of "/app/" is forbidden, client: 172.18.0.1, server: _, request: "GET / HTTP/1.1", host: "localhost:8080"
2024/10/01 06:20:08 [error] 94#94: *3 directory index of "/app/" is forbidden, client: 172.18.0.1, server: _, request: "GET / HTTP/1.1", host: "localhost:8080"
2024/10/01 06:20:15 [error] 94#94: *3 directory index of "/app/" is forbidden, client: 172.18.0.1, server: _, request: "GET / HTTP/1.1", host: "localhost:8080"
2024/10/01 06:20:20 [error] 94#94: *3 directory index of "/app/" is forbidden, client: 172.18.0.1, server: _, request: "GET / HTTP/1.1", host: "localhost:8080"
2024/10/01 06:23:51 [notice] 7#7: using the "epoll" event method
2024/10/01 06:23:51 [notice] 7#7: nginx/1.27.1
2024/10/01 06:23:51 [notice] 7#7: built by gcc 13.2.1 20240309 (Alpine 13.2.1_git20240309) 
2024/10/01 06:23:51 [notice] 7#7: OS: Linux 6.8.0-45-generic
2024/10/01 06:23:51 [notice] 7#7: getrlimit(RLIMIT_NOFILE): 1048576:1048576
2024/10/01 06:23:51 [notice] 9#9: start worker processes
2024/10/01 06:23:51 [notice] 9#9: start worker process 10
2024/10/01 06:23:51 [notice] 9#9: start worker process 11
2024/10/01 06:23:51 [notice] 9#9: start worker process 12
2024/10/01 06:23:51 [notice] 9#9: start worker process 13
2024/10/01 06:23:51 [notice] 9#9: start worker process 14
2024/10/01 06:23:51 [notice] 9#9: start worker process 15
2024/10/01 06:23:51 [notice] 9#9: start worker process 16
2024/10/01 06:23:51 [notice] 9#9: start worker process 18
2024/10/01 06:24:43 [notice] 92#92: signal process started
2024/10/01 06:24:43 [notice] 9#9: signal 1 (SIGHUP) received from 92, reconfiguring
2024/10/01 06:24:43 [notice] 9#9: reconfiguring
2024/10/01 06:24:43 [notice] 9#9: using the "epoll" event method
2024/10/01 06:24:43 [notice] 9#9: start worker processes
2024/10/01 06:24:43 [notice] 9#9: start worker process 93
2024/10/01 06:24:43 [notice] 9#9: start worker process 94
2024/10/01 06:24:43 [notice] 9#9: start worker process 95
2024/10/01 06:24:43 [notice] 9#9: start worker process 96
2024/10/01 06:24:43 [notice] 9#9: start worker process 97
2024/10/01 06:24:43 [notice] 9#9: start worker process 98
2024/10/01 06:24:43 [notice] 9#9: start worker process 99
2024/10/01 06:24:43 [notice] 9#9: start worker process 100
2024/10/01 06:24:43 [notice] 14#14: gracefully shutting down
2024/10/01 06:24:43 [notice] 14#14: exiting
2024/10/01 06:24:43 [notice] 16#16: gracefully shutting down
2024/10/01 06:24:43 [notice] 10#10: gracefully shutting down
2024/10/01 06:24:43 [notice] 11#11: gracefully shutting down
2024/10/01 06:24:43 [notice] 13#13: gracefully shutting down
2024/10/01 06:24:43 [notice] 13#13: exiting
2024/10/01 06:24:43 [notice] 15#15: gracefully shutting down
2024/10/01 06:24:43 [notice] 12#12: gracefully shutting down
2024/10/01 06:24:43 [notice] 18#18: gracefully shutting down
2024/10/01 06:24:43 [notice] 16#16: exiting
2024/10/01 06:24:43 [notice] 10#10: exiting
2024/10/01 06:24:43 [notice] 11#11: exiting
2024/10/01 06:24:43 [notice] 14#14: exit
2024/10/01 06:24:43 [notice] 15#15: exiting
2024/10/01 06:24:43 [notice] 12#12: exiting
2024/10/01 06:24:43 [notice] 18#18: exiting
2024/10/01 06:24:43 [notice] 10#10: exit
2024/10/01 06:24:43 [notice] 13#13: exit
2024/10/01 06:24:43 [notice] 11#11: exit
2024/10/01 06:24:43 [notice] 15#15: exit
2024/10/01 06:24:43 [notice] 18#18: exit
2024/10/01 06:24:43 [notice] 16#16: exit
2024/10/01 06:24:43 [notice] 12#12: exit
2024/10/01 06:24:43 [notice] 9#9: signal 17 (SIGCHLD) received from 13
2024/10/01 06:24:43 [notice] 9#9: worker process 13 exited with code 0
2024/10/01 06:24:43 [notice] 9#9: worker process 15 exited with code 0
2024/10/01 06:24:43 [notice] 9#9: signal 29 (SIGIO) received
2024/10/01 06:24:43 [notice] 9#9: signal 17 (SIGCHLD) received from 14
2024/10/01 06:24:43 [notice] 9#9: worker process 10 exited with code 0
2024/10/01 06:24:43 [notice] 9#9: worker process 14 exited with code 0
2024/10/01 06:24:43 [notice] 9#9: signal 29 (SIGIO) received
2024/10/01 06:24:43 [notice] 9#9: signal 17 (SIGCHLD) received from 12
2024/10/01 06:24:43 [notice] 9#9: worker process 12 exited with code 0
2024/10/01 06:24:43 [notice] 9#9: signal 29 (SIGIO) received
2024/10/01 06:24:43 [notice] 9#9: signal 17 (SIGCHLD) received from 16
2024/10/01 06:24:43 [notice] 9#9: worker process 16 exited with code 0
2024/10/01 06:24:43 [notice] 9#9: worker process 18 exited with code 0
2024/10/01 06:24:43 [notice] 9#9: signal 29 (SIGIO) received
2024/10/01 06:24:43 [notice] 9#9: signal 17 (SIGCHLD) received from 11
2024/10/01 06:24:43 [notice] 9#9: worker process 11 exited with code 0
2024/10/01 06:24:43 [notice] 9#9: signal 29 (SIGIO) received
2024/10/01 06:25:54 [notice] 102#102: signal process started
2024/10/01 06:25:54 [notice] 9#9: signal 15 (SIGTERM) received from 102, exiting
2024/10/01 06:25:54 [notice] 93#93: exiting
2024/10/01 06:25:54 [notice] 94#94: exiting
2024/10/01 06:25:54 [notice] 95#95: exiting
2024/10/01 06:25:54 [notice] 96#96: exiting
2024/10/01 06:25:54 [notice] 99#99: exiting
2024/10/01 06:25:54 [notice] 93#93: exit
2024/10/01 06:25:54 [notice] 97#97: exiting
2024/10/01 06:25:54 [notice] 98#98: exiting
2024/10/01 06:25:54 [notice] 100#100: exiting
2024/10/01 06:25:54 [notice] 97#97: exit
2024/10/01 06:25:54 [notice] 94#94: exit
2024/10/01 06:25:54 [notice] 95#95: exit
2024/10/01 06:25:54 [notice] 96#96: exit
2024/10/01 06:25:54 [notice] 99#99: exit
2024/10/01 06:25:54 [notice] 100#100: exit
2024/10/01 06:25:54 [notice] 98#98: exit
2024/10/01 06:25:54 [notice] 9#9: signal 17 (SIGCHLD) received from 97
2024/10/01 06:25:54 [notice] 9#9: worker process 97 exited with code 0
2024/10/01 06:25:54 [notice] 9#9: signal 29 (SIGIO) received
2024/10/01 06:25:54 [notice] 9#9: signal 17 (SIGCHLD) received from 96
2024/10/01 06:25:54 [notice] 9#9: worker process 94 exited with code 0
2024/10/01 06:25:54 [notice] 9#9: worker process 96 exited with code 0
2024/10/01 06:25:54 [notice] 9#9: signal 29 (SIGIO) received
2024/10/01 06:25:54 [notice] 9#9: signal 17 (SIGCHLD) received from 94
2024/10/01 06:25:54 [notice] 9#9: signal 17 (SIGCHLD) received from 95
2024/10/01 06:25:54 [notice] 9#9: worker process 95 exited with code 0
2024/10/01 06:25:54 [notice] 9#9: worker process 98 exited with code 0
2024/10/01 06:25:54 [notice] 9#9: signal 29 (SIGIO) received
2024/10/01 06:25:54 [notice] 9#9: signal 17 (SIGCHLD) received from 99
2024/10/01 06:25:54 [notice] 9#9: worker process 93 exited with code 0
2024/10/01 06:25:54 [notice] 9#9: worker process 99 exited with code 0
2024/10/01 06:25:54 [notice] 9#9: signal 29 (SIGIO) received
2024/10/01 06:25:54 [notice] 9#9: signal 17 (SIGCHLD) received from 100
2024/10/01 06:25:54 [notice] 9#9: worker process 100 exited with code 0
2024/10/01 06:25:54 [notice] 9#9: exit
2024/10/01 06:26:17 [notice] 105#105: using the "epoll" event method
2024/10/01 06:26:17 [notice] 105#105: nginx/1.27.1
2024/10/01 06:26:17 [notice] 105#105: built by gcc 13.2.1 20240309 (Alpine 13.2.1_git20240309) 
2024/10/01 06:26:17 [notice] 105#105: OS: Linux 6.8.0-45-generic
2024/10/01 06:26:17 [notice] 105#105: getrlimit(RLIMIT_NOFILE): 1048576:1048576
2024/10/01 06:26:17 [notice] 106#106: start worker processes
2024/10/01 06:26:17 [notice] 106#106: start worker process 107
2024/10/01 06:26:17 [notice] 106#106: start worker process 108
2024/10/01 06:26:17 [notice] 106#106: start worker process 109
2024/10/01 06:26:17 [notice] 106#106: start worker process 110
2024/10/01 06:26:17 [notice] 106#106: start worker process 111
2024/10/01 06:26:17 [notice] 106#106: start worker process 112
2024/10/01 06:26:17 [notice] 106#106: start worker process 113
2024/10/01 06:26:17 [notice] 106#106: start worker process 114
2024/10/01 06:27:07 [notice] 118#118: signal process started
2024/10/01 06:27:07 [notice] 106#106: signal 15 (SIGTERM) received from 118, exiting
2024/10/01 06:27:07 [emerg] 119#119: bind() to 0.0.0.0:80 failed (98: Address in use)
2024/10/01 06:27:07 [notice] 107#107: exiting
2024/10/01 06:27:07 [emerg] 119#119: bind() to [::]:80 failed (98: Address in use)
2024/10/01 06:27:07 [notice] 108#108: exiting
2024/10/01 06:27:07 [notice] 110#110: exiting
2024/10/01 06:27:07 [notice] 119#119: try again to bind() after 500ms
2024/10/01 06:27:07 [notice] 107#107: exit
2024/10/01 06:27:07 [notice] 109#109: exiting
2024/10/01 06:27:07 [notice] 111#111: exiting
2024/10/01 06:27:07 [notice] 112#112: exiting
2024/10/01 06:27:07 [notice] 113#113: exiting
2024/10/01 06:27:07 [notice] 110#110: exit
2024/10/01 06:27:07 [notice] 114#114: exiting
2024/10/01 06:27:07 [notice] 108#108: exit
2024/10/01 06:27:07 [notice] 109#109: exit
2024/10/01 06:27:07 [notice] 111#111: exit
2024/10/01 06:27:07 [notice] 112#112: exit
2024/10/01 06:27:07 [notice] 114#114: exit
2024/10/01 06:27:07 [notice] 113#113: exit
2024/10/01 06:27:07 [notice] 106#106: signal 17 (SIGCHLD) received from 112
2024/10/01 06:27:07 [notice] 106#106: worker process 107 exited with code 0
2024/10/01 06:27:07 [notice] 106#106: worker process 109 exited with code 0
2024/10/01 06:27:07 [notice] 106#106: worker process 112 exited with code 0
2024/10/01 06:27:07 [notice] 106#106: worker process 114 exited with code 0
2024/10/01 06:27:07 [notice] 106#106: signal 29 (SIGIO) received
2024/10/01 06:27:07 [notice] 106#106: signal 17 (SIGCHLD) received from 109
2024/10/01 06:27:07 [notice] 106#106: signal 17 (SIGCHLD) received from 110
2024/10/01 06:27:07 [notice] 106#106: worker process 110 exited with code 0
2024/10/01 06:27:07 [notice] 106#106: worker process 111 exited with code 0
2024/10/01 06:27:07 [notice] 106#106: worker process 113 exited with code 0
2024/10/01 06:27:07 [notice] 106#106: signal 29 (SIGIO) received
2024/10/01 06:27:07 [notice] 106#106: signal 17 (SIGCHLD) received from 108
2024/10/01 06:27:07 [notice] 106#106: worker process 108 exited with code 0
2024/10/01 06:27:07 [notice] 106#106: exit
2024/10/01 06:27:07 [notice] 119#119: using the "epoll" event method
2024/10/01 06:27:07 [notice] 119#119: nginx/1.27.1
2024/10/01 06:27:07 [notice] 119#119: built by gcc 13.2.1 20240309 (Alpine 13.2.1_git20240309) 
2024/10/01 06:27:07 [notice] 119#119: OS: Linux 6.8.0-45-generic
2024/10/01 06:27:07 [notice] 119#119: getrlimit(RLIMIT_NOFILE): 1048576:1048576
2024/10/01 06:27:07 [notice] 120#120: start worker processes
2024/10/01 06:27:07 [notice] 120#120: start worker process 121
2024/10/01 06:27:07 [notice] 120#120: start worker process 122
2024/10/01 06:27:07 [notice] 120#120: start worker process 123
2024/10/01 06:27:07 [notice] 120#120: start worker process 124
2024/10/01 06:27:07 [notice] 120#120: start worker process 125
2024/10/01 06:27:07 [notice] 120#120: start worker process 126
2024/10/01 06:27:07 [notice] 120#120: start worker process 127
2024/10/01 06:27:07 [notice] 120#120: start worker process 128
2024/10/01 06:27:23 [notice] 130#130: signal process started
2024/10/01 06:27:23 [notice] 120#120: signal 15 (SIGTERM) received from 130, exiting
2024/10/01 06:27:23 [notice] 122#122: exiting
2024/10/01 06:27:23 [notice] 121#121: exiting
2024/10/01 06:27:23 [notice] 123#123: exiting
2024/10/01 06:27:23 [notice] 124#124: exiting
2024/10/01 06:27:23 [notice] 125#125: exiting
2024/10/01 06:27:23 [notice] 127#127: exiting
2024/10/01 06:27:23 [notice] 122#122: exit
2024/10/01 06:27:23 [notice] 126#126: exiting
2024/10/01 06:27:23 [notice] 128#128: exiting
2024/10/01 06:27:23 [notice] 121#121: exit
2024/10/01 06:27:23 [notice] 123#123: exit
2024/10/01 06:27:23 [notice] 124#124: exit
2024/10/01 06:27:23 [notice] 128#128: exit
2024/10/01 06:27:23 [notice] 125#125: exit
2024/10/01 06:27:23 [notice] 127#127: exit
2024/10/01 06:27:23 [notice] 126#126: exit
2024/10/01 06:27:23 [notice] 120#120: signal 17 (SIGCHLD) received from 122
2024/10/01 06:27:23 [notice] 120#120: worker process 121 exited with code 0
2024/10/01 06:27:23 [notice] 120#120: worker process 122 exited with code 0
2024/10/01 06:27:23 [notice] 120#120: signal 29 (SIGIO) received
2024/10/01 06:27:23 [notice] 120#120: signal 17 (SIGCHLD) received from 121
2024/10/01 06:27:23 [notice] 120#120: signal 17 (SIGCHLD) received from 128
2024/10/01 06:27:23 [notice] 120#120: worker process 128 exited with code 0
2024/10/01 06:27:23 [notice] 120#120: signal 29 (SIGIO) received
2024/10/01 06:27:23 [notice] 120#120: signal 17 (SIGCHLD) received from 124
2024/10/01 06:27:23 [notice] 120#120: worker process 123 exited with code 0
2024/10/01 06:27:23 [notice] 120#120: worker process 124 exited with code 0
2024/10/01 06:27:23 [notice] 120#120: signal 29 (SIGIO) received
2024/10/01 06:27:23 [notice] 120#120: signal 17 (SIGCHLD) received from 127
2024/10/01 06:27:23 [notice] 120#120: worker process 127 exited with code 0
2024/10/01 06:27:23 [notice] 120#120: signal 29 (SIGIO) received
2024/10/01 06:27:23 [notice] 120#120: signal 17 (SIGCHLD) received from 125
2024/10/01 06:27:23 [notice] 120#120: worker process 125 exited with code 0
2024/10/01 06:27:23 [notice] 120#120: signal 29 (SIGIO) received
2024/10/01 06:27:23 [notice] 120#120: signal 17 (SIGCHLD) received from 126
2024/10/01 06:27:23 [notice] 120#120: worker process 126 exited with code 0
2024/10/01 06:27:23 [notice] 120#120: exit
2024/10/01 06:27:25 [notice] 131#131: using the "epoll" event method
2024/10/01 06:27:25 [notice] 131#131: nginx/1.27.1
2024/10/01 06:27:25 [notice] 131#131: built by gcc 13.2.1 20240309 (Alpine 13.2.1_git20240309) 
2024/10/01 06:27:25 [notice] 131#131: OS: Linux 6.8.0-45-generic
2024/10/01 06:27:25 [notice] 131#131: getrlimit(RLIMIT_NOFILE): 1048576:1048576
2024/10/01 06:27:25 [notice] 132#132: start worker processes
2024/10/01 06:27:25 [notice] 132#132: start worker process 133
2024/10/01 06:27:25 [notice] 132#132: start worker process 134
2024/10/01 06:27:25 [notice] 132#132: start worker process 135
2024/10/01 06:27:25 [notice] 132#132: start worker process 136
2024/10/01 06:27:25 [notice] 132#132: start worker process 137
2024/10/01 06:27:25 [notice] 132#132: start worker process 138
2024/10/01 06:27:25 [notice] 132#132: start worker process 139
2024/10/01 06:27:25 [notice] 132#132: start worker process 140
2024/10/01 06:30:16 [notice] 141#141: signal process started
2024/10/01 06:30:16 [notice] 132#132: signal 15 (SIGTERM) received from 141, exiting
2024/10/01 06:30:16 [notice] 133#133: exiting
2024/10/01 06:30:16 [notice] 134#134: exiting
2024/10/01 06:30:16 [notice] 137#137: exiting
2024/10/01 06:30:16 [notice] 136#136: exiting
2024/10/01 06:30:16 [notice] 133#133: exit
2024/10/01 06:30:16 [notice] 135#135: exiting
2024/10/01 06:30:16 [notice] 139#139: exiting
2024/10/01 06:30:16 [notice] 138#138: exiting
2024/10/01 06:30:16 [notice] 140#140: exiting
2024/10/01 06:30:16 [notice] 134#134: exit
2024/10/01 06:30:16 [notice] 137#137: exit
2024/10/01 06:30:16 [notice] 136#136: exit
2024/10/01 06:30:16 [notice] 140#140: exit
2024/10/01 06:30:16 [notice] 135#135: exit
2024/10/01 06:30:16 [notice] 139#139: exit
2024/10/01 06:30:16 [notice] 138#138: exit
2024/10/01 06:30:16 [notice] 132#132: signal 17 (SIGCHLD) received from 137
2024/10/01 06:30:16 [notice] 132#132: worker process 134 exited with code 0
2024/10/01 06:30:16 [notice] 132#132: worker process 137 exited with code 0
2024/10/01 06:30:16 [notice] 132#132: signal 29 (SIGIO) received
2024/10/01 06:30:16 [notice] 132#132: signal 17 (SIGCHLD) received from 134
2024/10/01 06:30:16 [notice] 132#132: signal 17 (SIGCHLD) received from 133
2024/10/01 06:30:16 [notice] 132#132: worker process 133 exited with code 0
2024/10/01 06:30:16 [notice] 132#132: signal 29 (SIGIO) received
2024/10/01 06:30:16 [notice] 132#132: signal 17 (SIGCHLD) received from 136
2024/10/01 06:30:16 [notice] 132#132: worker process 136 exited with code 0
2024/10/01 06:30:16 [notice] 132#132: worker process 135 exited with code 0
2024/10/01 06:30:16 [notice] 132#132: worker process 138 exited with code 0
2024/10/01 06:30:16 [notice] 132#132: worker process 139 exited with code 0
2024/10/01 06:30:16 [notice] 132#132: worker process 140 exited with code 0
2024/10/01 06:30:16 [notice] 132#132: exit
2024/10/01 06:30:17 [notice] 142#142: using the "epoll" event method
2024/10/01 06:30:17 [notice] 142#142: nginx/1.27.1
2024/10/01 06:30:17 [notice] 142#142: built by gcc 13.2.1 20240309 (Alpine 13.2.1_git20240309) 
2024/10/01 06:30:17 [notice] 142#142: OS: Linux 6.8.0-45-generic
2024/10/01 06:30:17 [notice] 142#142: getrlimit(RLIMIT_NOFILE): 1048576:1048576
2024/10/01 06:30:17 [notice] 143#143: start worker processes
2024/10/01 06:30:17 [notice] 143#143: start worker process 144
2024/10/01 06:30:17 [notice] 143#143: start worker process 145
2024/10/01 06:30:17 [notice] 143#143: start worker process 146
2024/10/01 06:30:17 [notice] 143#143: start worker process 147
2024/10/01 06:30:17 [notice] 143#143: start worker process 148
2024/10/01 06:30:17 [notice] 143#143: start worker process 149
2024/10/01 06:30:17 [notice] 143#143: start worker process 150
2024/10/01 06:30:17 [notice] 143#143: start worker process 151
2024/10/01 06:39:27 [notice] 7#7: using the "epoll" event method
2024/10/01 06:39:27 [notice] 7#7: nginx/1.27.1
2024/10/01 06:39:27 [notice] 7#7: built by gcc 13.2.1 20240309 (Alpine 13.2.1_git20240309) 
2024/10/01 06:39:27 [notice] 7#7: OS: Linux 6.8.0-45-generic
2024/10/01 06:39:27 [notice] 7#7: getrlimit(RLIMIT_NOFILE): 1048576:1048576
2024/10/01 06:39:27 [notice] 9#9: start worker processes
2024/10/01 06:39:27 [notice] 9#9: start worker process 10
2024/10/01 06:39:27 [notice] 9#9: start worker process 11
2024/10/01 06:39:27 [notice] 9#9: start worker process 12
2024/10/01 06:39:27 [notice] 9#9: start worker process 13
2024/10/01 06:39:27 [notice] 9#9: start worker process 14
2024/10/01 06:39:27 [notice] 9#9: start worker process 15
2024/10/01 06:39:27 [notice] 9#9: start worker process 16
2024/10/01 06:39:27 [notice] 9#9: start worker process 17
2024/10/01 06:47:51 [notice] 7#7: using the "epoll" event method
2024/10/01 06:47:51 [notice] 7#7: nginx/1.27.1
2024/10/01 06:47:51 [notice] 7#7: built by gcc 13.2.1 20240309 (Alpine 13.2.1_git20240309) 
2024/10/01 06:47:51 [notice] 7#7: OS: Linux 6.8.0-45-generic
2024/10/01 06:47:51 [notice] 7#7: getrlimit(RLIMIT_NOFILE): 1048576:1048576
2024/10/01 06:47:51 [notice] 14#14: start worker processes
2024/10/01 06:47:51 [notice] 14#14: start worker process 15
2024/10/01 06:47:51 [notice] 14#14: start worker process 16
2024/10/01 06:47:51 [notice] 14#14: start worker process 17
2024/10/01 06:47:51 [notice] 14#14: start worker process 18
2024/10/01 06:47:51 [notice] 14#14: start worker process 19
2024/10/01 06:47:51 [notice] 14#14: start worker process 20
2024/10/01 06:47:51 [notice] 14#14: start worker process 21
2024/10/01 06:47:51 [notice] 14#14: start worker process 22
2024/10/01 06:55:15 [notice] 7#7: using the "epoll" event method
2024/10/01 06:55:15 [notice] 7#7: nginx/1.27.1
2024/10/01 06:55:15 [notice] 7#7: built by gcc 13.2.1 20240309 (Alpine 13.2.1_git20240309) 
2024/10/01 06:55:15 [notice] 7#7: OS: Linux 6.8.0-45-generic
2024/10/01 06:55:15 [notice] 7#7: getrlimit(RLIMIT_NOFILE): 1048576:1048576
2024/10/01 06:55:15 [notice] 14#14: start worker processes
2024/10/01 06:55:15 [notice] 14#14: start worker process 15
2024/10/01 06:55:15 [notice] 14#14: start worker process 16
2024/10/01 06:55:15 [notice] 14#14: start worker process 17
2024/10/01 06:55:15 [notice] 14#14: start worker process 18
2024/10/01 06:55:15 [notice] 14#14: start worker process 19
2024/10/01 06:55:15 [notice] 14#14: start worker process 20
2024/10/01 06:55:15 [notice] 14#14: start worker process 21
2024/10/01 06:55:15 [notice] 14#14: start worker process 22
2024/10/01 06:55:41 [notice] 7#7: using the "epoll" event method
2024/10/01 06:55:41 [notice] 7#7: nginx/1.27.1
2024/10/01 06:55:41 [notice] 7#7: built by gcc 13.2.1 20240309 (Alpine 13.2.1_git20240309) 
2024/10/01 06:55:41 [notice] 7#7: OS: Linux 6.8.0-45-generic
2024/10/01 06:55:41 [notice] 7#7: getrlimit(RLIMIT_NOFILE): 1048576:1048576
2024/10/01 06:55:41 [notice] 9#9: start worker processes
2024/10/01 06:55:41 [notice] 9#9: start worker process 10
2024/10/01 06:55:41 [notice] 9#9: start worker process 11
2024/10/01 06:55:41 [notice] 9#9: start worker process 12
2024/10/01 06:55:41 [notice] 9#9: start worker process 13
2024/10/01 06:55:41 [notice] 9#9: start worker process 14
2024/10/01 06:55:41 [notice] 9#9: start worker process 15
2024/10/01 06:55:41 [notice] 9#9: start worker process 16
2024/10/01 06:55:41 [notice] 9#9: start worker process 22
2024/10/01 07:00:21 [notice] 7#7: using the "epoll" event method
2024/10/01 07:00:21 [notice] 7#7: nginx/1.27.1
2024/10/01 07:00:21 [notice] 7#7: built by gcc 13.2.1 20240309 (Alpine 13.2.1_git20240309) 
2024/10/01 07:00:21 [notice] 7#7: OS: Linux 6.8.0-45-generic
2024/10/01 07:00:21 [notice] 7#7: getrlimit(RLIMIT_NOFILE): 1048576:1048576
2024/10/01 07:00:21 [notice] 9#9: start worker processes
2024/10/01 07:00:21 [notice] 9#9: start worker process 15
2024/10/01 07:00:21 [notice] 9#9: start worker process 16
2024/10/01 07:00:21 [notice] 9#9: start worker process 17
2024/10/01 07:00:21 [notice] 9#9: start worker process 18
2024/10/01 07:00:21 [notice] 9#9: start worker process 19
2024/10/01 07:00:21 [notice] 9#9: start worker process 20
2024/10/01 07:00:21 [notice] 9#9: start worker process 21
2024/10/01 07:00:21 [notice] 9#9: start worker process 22
